My working directory is /users/sr1474/scratch/git/EpidemicSimulator
Running job on host:
	node125.pri.viking.alces.network at Tue 26 Apr 18:19:46 BST 2022
32 CPU cores available

Log level: warn,visualisation,osm_data=trace,sim=trace,run=debug,load_census_data=trace,voronoice=off
    Updating git repository `https://github.com/NoSuchThingAsRandom/quadtree/`
    Updating crates.io index
slurmstepd: error: *** JOB 17725112 ON node125 CANCELLED AT 2022-04-26T18:20:29 ***

============================
 Job utilisation efficiency
============================

Job ID: 17725112
Cluster: viking
User/Group: sr1474/clusterusers
State: CANCELLED (exit code 0)
Nodes: 1
Cores per node: 32
CPU Utilized: 00:00:01
CPU Efficiency: 0.07% of 00:23:28 core-walltime
Job Wall-clock time: 00:00:44
Memory Utilized: 71.59 MB
Memory Efficiency: 0.11% of 64.00 GB
 Requested wall clock time: 04:00:00
    Actual wall clock time: 00:00:44
Wall clock time efficiency: 0.3%
           Job queued time: 00:33:37
