warning: Patch `quadtree_rs v0.1.2 (https://github.com/NoSuchThingAsRandom/quadtree/#321fcd31)` was not used in the crate graph.
Check that the patched package version and available features are compatible
with the dependency requirements. If the patch has a different version from
what is locked in the Cargo.lock file, run `cargo update` to use the new
version. This may also occur with an optional dependency that is not enabled.
warning: unused imports: `error`, `warn`
  --> osm_data/src/polygon_lookup.rs:48:18
   |
48 | use log::{debug, error, info, trace, warn};
   |                  ^^^^^               ^^^^
   |
   = note: `#[warn(unused_imports)]` on by default

warning: unused import: `warn`
  --> osm_data/src/voronoi_generator.rs:27:31
   |
27 | use log::{debug, info, trace, warn};
   |                               ^^^^

warning: unused variable: `e`
   --> osm_data/src/polygon_lookup.rs:111:21
    |
111 |                 Err(e) => {
    |                     ^ help: if this is intentional, prefix it with an underscore: `_e`
    |
    = note: `#[warn(unused_variables)]` on by default

warning: function is never used: `get_random_point_inside_polygon`
   --> osm_data/src/voronoi_generator.rs:146:4
    |
146 | fn get_random_point_inside_polygon(
    |    ^^^^^^^^^^^^^^^^^^^^^^^^^^^^^^^
    |
    = note: `#[warn(dead_code)]` on by default

warning: constant is never used: `MAX_DEPTH`
  --> osm_data/src/quadtree.rs:32:1
   |
32 | pub const MAX_DEPTH: u8 = 20;
   | ^^^^^^^^^^^^^^^^^^^^^^^^^^^^^

warning: function is never used: `coord_num_abs`
  --> osm_data/src/quadtree.rs:56:8
   |
56 | pub fn coord_num_abs<T: geo_types::CoordNum>(mut a: T) -> T {
   |        ^^^^^^^^^^^^^

warning: variant is never constructed: `York`
  --> osm_data/src/lib.rs:67:5
   |
67 |     York,
   |     ^^^^

warning: variant is never constructed: `YorkshireAndTheHumber`
  --> osm_data/src/lib.rs:68:5
   |
68 |     YorkshireAndTheHumber,
   |     ^^^^^^^^^^^^^^^^^^^^^

warning: `osm_data` (lib) generated 8 warnings
   Compiling sim v0.1.0 (/scratch/student/sr1474/EpidemicSimulator/sim)
warning: unused import: `std::iter::FromIterator`
  --> sim/src/models/building.rs:25:5
   |
25 | use std::iter::FromIterator;
   |     ^^^^^^^^^^^^^^^^^^^^^^^
   |
   = note: `#[warn(unused_imports)]` on by default

warning: unused import: `std::sync::Mutex`
  --> sim/src/models/output_area.rs:25:5
   |
25 | use std::sync::Mutex;
   |     ^^^^^^^^^^^^^^^^

warning: unused imports: `Arc`, `RwLockWriteGuard`
  --> sim/src/simulator.rs:25:17
   |
25 | use std::sync::{Arc, Mutex, RwLock, RwLockWriteGuard};
   |                 ^^^                 ^^^^^^^^^^^^^^^^

warning: unused import: `Error`
  --> sim/src/simulator.rs:28:23
   |
28 | use anyhow::{Context, Error};
   |                       ^^^^^

warning: unused import: `dashmap::DashMap`
  --> sim/src/simulator.rs:29:5
   |
29 | use dashmap::DashMap;
   |     ^^^^^^^^^^^^^^^^

warning: unused imports: `am`, `ar`, `en`
  --> sim/src/simulator.rs:31:26
   |
31 | use num_format::Locale::{am, ar, en};
   |                          ^^  ^^  ^^

warning: unused imports: `IteratorRandom`, `SliceRandom`
  --> sim/src/simulator.rs:32:21
   |
32 | use rand::prelude::{IteratorRandom, SliceRandom};
   |                     ^^^^^^^^^^^^^^  ^^^^^^^^^^^

warning: unused import: `DiseaseStatus`
  --> sim/src/simulator.rs:38:36
   |
38 | use crate::disease::{DiseaseModel, DiseaseStatus};
   |                                    ^^^^^^^^^^^^^

warning: unused import: `InterventionsEnabled`
  --> sim/src/simulator.rs:41:28
   |
41 | use crate::interventions::{InterventionsEnabled, InterventionStatus};
   |                            ^^^^^^^^^^^^^^^^^^^^

warning: unused import: `Add`
  --> sim/src/statistics.rs:23:16
   |
23 | use std::ops::{Add, AddAssign};
   |                ^^^

warning: unused import: `num_format::Locale::am`
  --> sim/src/statistics.rs:26:5
   |
26 | use num_format::Locale::am;
   |     ^^^^^^^^^^^^^^^^^^^^^^

warning: unused variable: `total`
   --> sim/src/simulator.rs:203:13
    |
203 |         let total = generate_exposure_time + apply_exposure_time + intervention_time;
    |             ^^^^^ help: if this is intentional, prefix it with an underscore: `_total`
    |
    = note: `#[warn(unused_variables)]` on by default

warning: unused variable: `area_code`
   --> sim/src/simulator.rs:226:89
    |
226 |         let (statistics, exposures, moved_citizens) = output_areas.par_iter_mut().map(|(area_code, mut area)| {
    |                                                                                         ^^^^^^^^^ help: if this is intentional, prefix it with an underscore: `_area_code`

warning: unused variable: `e`
   --> sim/src/simulator.rs:324:29
    |
324 |                         Err(e) => {
    |                             ^ help: if this is intentional, prefix it with an underscore: `_e`

warning: unused variable: `statistics`
   --> sim/src/simulator.rs:292:17
    |
292 |         let mut statistics = &mut self.statistics;
    |                 ^^^^^^^^^^ help: if this is intentional, prefix it with an underscore: `_statistics`

warning: unused variable: `infected_percent`
   --> sim/src/simulator.rs:439:13
    |
439 |         let infected_percent = self.statistics.infected_percentage();/*
    |             ^^^^^^^^^^^^^^^^ help: if this is intentional, prefix it with an underscore: `_infected_percent`

warning: unused variable: `file`
   --> sim/src/simulator.rs:521:17
    |
521 |         let mut file = File::create("../../debug_dumps/crash.json")?;
    |                 ^^^^ help: if this is intentional, prefix it with an underscore: `_file`

warning: unused variable: `generate_citizen_closure`
   --> sim/src/simulator_builder.rs:157:17
    |
157 |             let generate_citizen_closure = || -> anyhow::Result<()> {
    |                 ^^^^^^^^^^^^^^^^^^^^^^^^ help: if this is intentional, prefix it with an underscore: `_generate_citizen_closure`

warning: unused variable: `get_multiple`
   --> sim/src/simulator_builder.rs:271:58
    |
271 |         let finding_closest_school = |citizen: &Citizen, get_multiple: bool| -> Result<Vec<&RawBuilding>, SimError> {
    |                                                          ^^^^^^^^^^^^ help: if this is intentional, prefix it with an underscore: `_get_multiple`

warning: unused variable: `teachers`
   --> sim/src/simulator_builder.rs:331:36
    |
331 |             for (point, (students, teachers, building)) in b {
    |                                    ^^^^^^^^ help: if this is intentional, prefix it with an underscore: `_teachers`

warning: unused variable: `e`
   --> sim/src/simulator_builder.rs:739:24
    |
739 |             if let Err(e) = workplaces {
    |                        ^ help: if this is intentional, prefix it with an underscore: `_e`

warning: unused variable: `members`
   --> sim/src/models/building.rs:468:29
    |
468 |                     let mut members = self.classes[*class_id].get_participants().iter().for_each(|citizen|
    |                             ^^^^^^^ help: if this is intentional, prefix it with an underscore: `_members`

warning: variable does not need to be mutable
   --> sim/src/models/building.rs:468:25
    |
468 |                     let mut members = self.classes[*class_id].get_participants().iter().for_each(|citizen|
    |                         ----^^^^^^^
    |                         |
    |                         help: remove this `mut`
    |
    = note: `#[warn(unused_mut)]` on by default

warning: variable does not need to be mutable
   --> sim/src/simulator.rs:226:100
    |
226 |         let (statistics, exposures, moved_citizens) = output_areas.par_iter_mut().map(|(area_code, mut area)| {
    |                                                                                                    ----^^^^
    |                                                                                                    |
    |                                                                                                    help: remove this `mut`

warning: variable does not need to be mutable
   --> sim/src/simulator.rs:321:25
    |
321 |                     let mut citizen = match area.citizens.get_mut(&citizen_id).context("Cannot expose Citizen, as they do not exist!")
    |                         ----^^^^^^^
    |                         |
    |                         help: remove this `mut`

warning: variable does not need to be mutable
   --> sim/src/simulator.rs:292:13
    |
292 |         let mut statistics = &mut self.statistics;
    |             ----^^^^^^^^^^
    |             |
    |             help: remove this `mut`

warning: variable does not need to be mutable
   --> sim/src/simulator.rs:406:17
    |
406 |             let mut area=area_ref.get_mut(&area_id).context(format!("Area id {} does not exist!",area_id))?;
    |                 ----^^^^
    |                 |
    |                 help: remove this `mut`

warning: variable does not need to be mutable
   --> sim/src/simulator.rs:521:13
    |
521 |         let mut file = File::create("../../debug_dumps/crash.json")?;
    |             ----^^^^
    |             |
    |             help: remove this `mut`

warning: variable does not need to be mutable
   --> sim/src/simulator_builder.rs:930:13
    |
930 |         let mut output_areas = &mut self.output_areas;
    |             ----^^^^^^^^^^^^
    |             |
    |             help: remove this `mut`

warning: unused `Result` that must be used
   --> sim/src/simulator.rs:349:13
    |
349 |             self.statistics.citizen_exposed(id);
    |             ^^^^^^^^^^^^^^^^^^^^^^^^^^^^^^^^^^^^
    |
    = note: `#[warn(unused_must_use)]` on by default
    = note: this `Result` may be an `Err` variant, which should be handled

   Compiling visualisation v0.1.0 (/scratch/student/sr1474/EpidemicSimulator/visualisation)
warning: unused variable: `c`
   --> visualisation/src/image_export.rs:244:13
    |
244 |         let c = (area.percentage_highlighting.unwrap_or(1.0) * 255.0).ceil() as u8;
    |             ^ help: if this is intentional, prefix it with an underscore: `_c`
    |
    = note: `#[warn(unused_variables)]` on by default

warning: unused variable: `chart`
   --> visualisation/src/image_export.rs:232:5
    |
232 |     chart: &mut ChartContext<BitMapBackend, Cartesian2d<RangedCoordi32, RangedCoordi32>>,
    |     ^^^^^ help: if this is intentional, prefix it with an underscore: `_chart`

warning: function is never used: `draw_polygon_ring_filled`
   --> visualisation/src/image_export.rs:175:4
    |
175 | fn draw_polygon_ring_filled(
    |    ^^^^^^^^^^^^^^^^^^^^^^^^
    |
    = note: `#[warn(dead_code)]` on by default

warning: `visualisation` (lib) generated 3 warnings
warning: `sim` (lib) generated 30 warnings
   Compiling run v0.1.0 (/scratch/student/sr1474/EpidemicSimulator/run)
warning: unused import: `Arc`
  --> run/src/main.rs:23:17
   |
23 | use std::sync::{Arc, Mutex, RwLock};
   |                 ^^^
   |
   = note: `#[warn(unused_imports)]` on by default

warning: unused import: `rand::prelude::SliceRandom`
  --> run/src/main.rs:30:5
   |
30 | use rand::prelude::SliceRandom;
   |     ^^^^^^^^^^^^^^^^^^^^^^^^^^

warning: unused import: `rand::thread_rng`
  --> run/src/main.rs:31:5
   |
31 | use rand::thread_rng;
   |     ^^^^^^^^^^^^^^^^

warning: unused import: `rayon::spawn`
  --> run/src/main.rs:33:5
   |
33 | use rayon::spawn;
   |     ^^^^^^^^^^^^

warning: variable does not need to be mutable
   --> run/src/main.rs:297:9
    |
297 |     let mut data = RwLock::new(HashMap::new());
    |         ----^^^^
    |         |
    |         help: remove this `mut`
    |
    = note: `#[warn(unused_mut)]` on by default

warning: variable does not need to be mutable
   --> run/src/main.rs:303:9
    |
303 |     let mut values: Vec<i32> = (0..10).collect();
    |         ----^^^^^^
    |         |
    |         help: remove this `mut`

warning: variable does not need to be mutable
   --> run/src/main.rs:321:9
    |
321 |     let mut values: Vec<i32> = (0..10).collect();
    |         ----^^^^^^
    |         |
    |         help: remove this `mut`

warning: function is never used: `test`
   --> run/src/main.rs:296:4
    |
296 | fn test() {
    |    ^^^^
    |
    = note: `#[warn(dead_code)]` on by default

warning: `run` (bin "run") generated 8 warnings
    Finished release [optimized] target(s) in 18.43s
     Running `target/release/run 1946157112TYPE299 --directory=data --grid-size=250000 --simulate --use-cache`
 2022-02-26T14:04:28.250Z INFO  run > Using area: 1946157112TYPE299, Utilizing Cache: true, Allowing downloads: false
 2022-02-26T14:04:28.250Z INFO  run > Using mode simulate for area '1946157112TYPE299'
 2022-02-26T14:04:28.250Z INFO  run::load_data > Loading data from disk...
 2022-02-26T14:04:28.270Z INFO  load_census_data > Fetching table 'data/tables/1946157112TYPE299/ks101ew_population_144.csv'
 2022-02-26T14:04:28.270Z DEBUG load_census_data > Reading census table: 'data/tables/1946157112TYPE299/ks101ew_population_144.csv' from disk
 2022-02-26T14:04:28.365Z DEBUG load_census_data > Loaded table into pre processing
 2022-02-26T14:04:28.375Z INFO  load_census_data > Fetching table 'data/tables/1946157112TYPE299/qs103ew_age_structure_NUM_503_1.csv'
 2022-02-26T14:04:28.375Z DEBUG load_census_data > Reading census table: 'data/tables/1946157112TYPE299/qs103ew_age_structure_NUM_503_1.csv' from disk
 2022-02-26T14:04:28.520Z DEBUG load_census_data > Loaded table into pre processing
 2022-02-26T14:04:28.544Z INFO  load_census_data > Fetching table 'data/tables/1946157112TYPE299/ks608uk_occupation_count_NM_1518_1.csv'
 2022-02-26T14:04:28.544Z DEBUG load_census_data > Reading census table: 'data/tables/1946157112TYPE299/ks608uk_occupation_count_NM_1518_1.csv' from disk
 2022-02-26T14:04:29.011Z DEBUG load_census_data > Loaded table into pre processing
 2022-02-26T14:04:29.017Z INFO  load_census_data > Fetching table 'data/tables/1946157112TYPE299/wf01bew_residential_vs_workplace_NM_1228_1.csv'
 2022-02-26T14:04:29.017Z DEBUG load_census_data > Reading census table: 'data/tables/1946157112TYPE299/wf01bew_residential_vs_workplace_NM_1228_1.csv' from disk
 2022-02-26T14:04:29.159Z DEBUG load_census_data > Loaded table into pre processing
Built 637 residential workplace areas with 31023 records
 2022-02-26T14:04:29.176Z INFO  load_census_data > Removing incomplete Output Areas
 2022-02-26T14:04:29.177Z DEBUG load_census_data > Population area count: 637
 2022-02-26T14:04:29.177Z DEBUG load_census_data > Age area count: 637
 2022-02-26T14:04:29.177Z DEBUG load_census_data > Occupation area count: 637
 2022-02-26T14:04:29.177Z DEBUG load_census_data > Residents area count:  637
 2022-02-26T14:04:29.177Z DEBUG load_census_data > Filtered area count:   637
 2022-02-26T14:04:29.179Z DEBUG load_census_data > Removed 0 workplace areas. 31023 work areas out of 637 home remaining
 2022-02-26T14:04:29.179Z DEBUG load_census_data > There are 637 complete output areas
 2022-02-26T14:04:29.182Z INFO  osm_data         > Building OSM Data...
 2022-02-26T14:04:29.182Z DEBUG osm_data         > Starting to read data from file
 2022-02-26T14:04:29.182Z DEBUG osm_data         > Reading cached parsing data from: data/OSM/cached
 2022-02-26T14:04:29.283Z INFO  osm_data::polygon_lookup > Loading map data from file data/census_map_areas_converted/TestOutputAreas.shp
 2022-02-26T14:04:38.015Z DEBUG osm_data::polygon_lookup > Built 0 polygons in time: 8.731910687
 2022-02-26T14:04:38.381Z DEBUG osm_data::polygon_lookup > Built 1500000000 polygons in time: 9.098233023
 2022-02-26T14:04:40.365Z DEBUG osm_data::polygon_lookup > Built 500000000 polygons in time: 11.081518372
 2022-02-26T14:04:42.581Z DEBUG osm_data::polygon_lookup > Built 1000000000 polygons in time: 13.297815777
 2022-02-26T14:04:45.117Z INFO  osm_data::polygon_lookup > Finished loading map data in 15.834091453s
 2022-02-26T14:04:45.117Z TRACE osm_data::polygon_lookup > Building new Polygon Container of size: 250000
 2022-02-26T14:04:55.296Z DEBUG osm_data                 > Loaded OSM data
 2022-02-26T14:04:55.296Z INFO  osm_data                 > Building voronoi diagram for School with 7137 buildings
 2022-02-26T14:04:55.296Z INFO  osm_data::voronoi_generator > Building Voronoi Grid of 250000 x 250000 with 7137 seeds
Boundary: ((333570, 234078), (605100, 654732))
 2022-02-26T14:04:55.296Z TRACE osm_data::voronoi_generator > Voronoi Boundary: ((111190, 78026), (201700, 218244))
 2022-02-26T14:04:55.296Z DEBUG osm_data::voronoi_generator > Voronoi boundary box size: 218244 -> BoundingBox { center: [109122, 109122], top_right: [218244, 218244] }
 2022-02-26T14:04:55.297Z TRACE osm_data::voronoi_generator > Sample of Seeds: [[125465, 130300], [138335, 93541], [137349, 98069], [135247, 124187], [135307, 124680], [133192, 82116], [138128, 137486], [172891, 97406], [130682, 127621], [130223, 127815]]
 2022-02-26T14:04:55.306Z DEBUG osm_data::voronoi_generator > Built Voronoi map, with 7137 polygons
 2022-02-26T14:04:55.309Z TRACE osm_data::voronoi_generator > Converted polygons to 7135 geo polygons
 2022-02-26T14:04:55.309Z TRACE osm_data::polygon_lookup    > Building new Polygon Container of size: 218244
 2022-02-26T14:04:55.782Z DEBUG osm_data::voronoi_generator > Built quad tree
 2022-02-26T14:04:55.782Z INFO  osm_data                    > Finished building OSM data
 2022-02-26T14:04:55.782Z DEBUG osm_data                    > There are 91712 Shop
 2022-02-26T14:04:55.782Z DEBUG osm_data                    > There are 1947604 WorkPlace
 2022-02-26T14:04:55.782Z DEBUG osm_data                    > There are 306 Hospital
 2022-02-26T14:04:55.782Z DEBUG osm_data                    > There are 7137 School
 2022-02-26T14:04:55.782Z DEBUG osm_data                    > There are 2618690 Household
 2022-02-26T14:04:55.803Z INFO  sim::simulator              > Initialised Output Areas in 0.02 seconds. Total function time: 0.02 seconds, Memory usage: 8.52 GB
 2022-02-26T14:04:55.803Z DEBUG sim::simulator_builder      > Attempting to allocating 4665449 possible buildings to 637 Output Areas
 2022-02-26T14:05:00.470Z DEBUG sim::simulator_builder      > 13228263 Buildings have been assigned. 637 Output Areas remaining (with buildings)
 2022-02-26T14:05:00.470Z INFO  sim::simulator              > Assigned Possible Buildings to Output Areas in 4.67 seconds. Total function time: 4.68 seconds, Memory usage: 9.27 GB
 2022-02-26T14:05:00.975Z INFO  sim::simulator_builder      > Households and Citizen generation succeeded for 637 Output Areas.
 2022-02-26T14:05:00.975Z WARN  sim::simulator_builder      > Failed to generate households for 5 Output Areas, as no homes exist!
 2022-02-26T14:05:00.978Z DEBUG sim::simulator_builder      > There are 18875 Citizens with an occupation of: Manager
 2022-02-26T14:05:00.982Z DEBUG sim::simulator_builder      > There are 35829 Citizens with an occupation of: Professional
 2022-02-26T14:05:00.985Z DEBUG sim::simulator_builder      > There are 21264 Citizens with an occupation of: Technical
 2022-02-26T14:05:00.988Z DEBUG sim::simulator_builder      > There are 18646 Citizens with an occupation of: Administrative
 2022-02-26T14:05:00.992Z DEBUG sim::simulator_builder      > There are 18078 Citizens with an occupation of: SkilledTrades
 2022-02-26T14:05:00.995Z DEBUG sim::simulator_builder      > There are 16622 Citizens with an occupation of: Caring
 2022-02-26T14:05:00.998Z DEBUG sim::simulator_builder      > There are 19560 Citizens with an occupation of: Sales
 2022-02-26T14:05:01.001Z DEBUG sim::simulator_builder      > There are 10317 Citizens with an occupation of: MachineOperatives
 2022-02-26T14:05:01.004Z DEBUG sim::simulator_builder      > There are 22089 Citizens with an occupation of: Teaching
 2022-02-26T14:05:01.004Z INFO  sim::simulator              > Generated Citizens and residences for 637 output areas in 0.53 seconds. Total function time: 5.22 seconds, Memory usage: 9.38 GB
 2022-02-26T14:05:01.004Z DEBUG sim::simulator_builder      > Building Schools
 2022-02-26T14:05:01.018Z DEBUG sim::simulator_builder      > 22089 teachers retrieved
 2022-02-26T14:05:01.018Z DEBUG sim::simulator_builder      > There are 8 age groups, with 16323 students and 22089 teachers
 2022-02-26T14:05:01.018Z DEBUG sim::simulator_builder      > There are 7137 raw schools
 2022-02-26T14:05:05.652Z INFO  sim::simulator_builder      > Assigned Students to 25 raw schools
 2022-02-26T14:05:46.373Z INFO  sim::simulator_builder      > Assigned teachers to schools
 2022-02-26T14:05:46.373Z WARN  sim::simulator_builder      > Failed to assign schools to 0 teachers
 2022-02-26T14:05:46.376Z ERROR sim::simulator_builder      >
An error occurred loading Census Data
	Type: ParsingError
	Source: Missing Key! Context: Retrieving output area for schools, 	Key: ID: E00142152
 2022-02-26T14:05:46.397Z ERROR sim::simulator_builder      >
An error occurred loading Census Data
	Type: ParsingError
	Source: Missing Key! Context: Retrieving output area for schools, 	Key: ID: E00065900
 2022-02-26T14:05:46.412Z WARN  sim::simulator_builder      > 0 schools are missing teachers
 2022-02-26T14:05:46.412Z INFO  sim::simulator_builder      > Generated 25 schools, with 22089 teachers, 16323 students across 708 classes, with avg class size 23 and avg classes per school 28. With 1792 offices and 21381 misc staff
 2022-02-26T14:05:46.412Z INFO  sim::simulator              > Built schools in 45.41 seconds. Total function time: 50.63 seconds, Memory usage: 9.38 GB
 2022-02-26T14:05:47.805Z DEBUG sim::simulator_builder      > There are 77233 areas with workplace buildings
 2022-02-26T14:05:47.805Z INFO  sim::simulator_builder      > Starting to build workplaces for 637 areas
 2022-02-26T14:05:47.805Z DEBUG sim::simulator_builder      > Assigning workplaces to 637 output areas
 2022-02-26T14:05:48.127Z DEBUG sim::simulator_builder      > Creating workplace buildings for: 159191 Citizens and 577 Output Areas
 2022-02-26T14:05:48.127Z DEBUG sim::simulator_builder      > 38412 Citizens have not been assigned a workplace area!
 2022-02-26T14:05:48.324Z INFO  sim::simulator              > Generated workplaces for {} Output Areas in 1.91 seconds. Total function time: 52.54 seconds, Memory usage: 9.47 GB
 2022-02-26T14:05:48.338Z DEBUG sim::simulator_builder      > 1,243 out of 197,603 Citizens 0.6%, are working from home.
 2022-02-26T14:05:48.341Z INFO  sim::simulator              > Applied initial infections in 0.02 seconds. Total function time: 52.56 seconds, Memory usage: 9.47 GB
 2022-02-26T14:05:48.341Z DEBUG sim::simulator_builder      > Starting Statistics: There are 197,603 total Citizens, 637 Output Areas
 2022-02-26T14:05:57.482Z INFO  run                         > Finished loading data and Initialising  simulator in 89.23
 2022-02-26T14:05:57.483Z INFO  sim::simulator              > Starting simulation...
Completed  50 time steps, in:   0.00 seconds  Statistics: Hour:    0, Total:          0, Susceptible:          0, NaN%, Exposed:          0, NaN%, Infected:          0, NaN%, Recovered:          0, NaN% Vaccinated:          0, NaN%,   Memory usage: 8.13 GB
 2022-02-26T14:05:57.756Z ERROR sim::simulator              > Area ID: E00142152 doesn't exist!
 2022-02-26T14:05:57.774Z ERROR sim::simulator              > Area ID: E00065900 doesn't exist!
Completed  50 time steps, in:   1.53 seconds  Statistics: Hour:   50, Total:    196,287, Susceptible:    195,965, 99.84%, Exposed:        312, 0.16%, Infected:         10, 0.01%, Recovered:          0, 0.00% Vaccinated:          0, 0.00%,   Memory usage: 8.13 GB
Completed  50 time steps, in:   1.40 seconds  Statistics: Hour:  100, Total:    196,287, Susceptible:    195,807, 99.76%, Exposed:        465, 0.24%, Infected:         15, 0.01%, Recovered:          0, 0.00% Vaccinated:          0, 0.00%,   Memory usage: 8.13 GB
Completed  50 time steps, in:   1.46 seconds  Statistics: Hour:  150, Total:    196,287, Susceptible:    193,671, 98.67%, Exposed:      2,290, 1.17%, Infected:        326, 0.17%, Recovered:          0, 0.00% Vaccinated:          0, 0.00%,   Memory usage: 8.13 GB
Completed  50 time steps, in:   1.54 seconds  Statistics: Hour:  200, Total:    196,287, Susceptible:    191,262, 97.44%, Exposed:      4,545, 2.32%, Infected:        480, 0.24%, Recovered:          0, 0.00% Vaccinated:          0, 0.00%,   Memory usage: 8.13 GB
Completed  50 time steps, in:   1.88 seconds  Statistics: Hour:  250, Total:    196,287, Susceptible:    172,885, 88.08%, Exposed:     20,611, 10.50%, Infected:      2,791, 1.42%, Recovered:          0, 0.00% Vaccinated:          0, 0.00%,   Memory usage: 8.07 GB
Completed  50 time steps, in:   1.78 seconds  Statistics: Hour:  300, Total:    196,287, Susceptible:    139,065, 70.85%, Exposed:     51,733, 26.36%, Infected:      5,489, 2.80%, Recovered:          0, 0.00% Vaccinated:          0, 0.00%,   Memory usage: 8.07 GB
Completed  50 time steps, in:   2.27 seconds  Statistics: Hour:  350, Total:    196,287, Susceptible:     78,568, 40.03%, Exposed:     89,077, 45.38%, Infected:     28,632, 14.59%, Recovered:         10, 0.01% Vaccinated:          0, 0.00%,   Memory usage: 8.07 GB
Completed  50 time steps, in:   3.39 seconds  Statistics: Hour:  400, Total:    196,287, Susceptible:     34,333, 17.49%, Exposed:    101,325, 51.62%, Infected:     60,619, 30.88%, Recovered:         10, 0.01% Vaccinated:          0, 0.00%,   Memory usage: 8.07 GB
Completed  50 time steps, in:   4.69 seconds  Statistics: Hour:  450, Total:    196,287, Susceptible:     11,368, 5.79%, Exposed:     63,429, 32.31%, Infected:    121,313, 61.80%, Recovered:        177, 0.09% Vaccinated:          0, 0.00%,   Memory usage: 8.07 GB
Completed  50 time steps, in:   5.56 seconds  Statistics: Hour:  500, Total:    196,287, Susceptible:      2,755, 1.40%, Exposed:     30,728, 15.65%, Infected:    162,401, 82.74%, Recovered:        403, 0.21% Vaccinated:          0, 0.00%,   Memory usage: 8.07 GB
Completed  50 time steps, in:   6.06 seconds  Statistics: Hour:  550, Total:    196,287, Susceptible:      1,160, 0.59%, Exposed:      9,746, 4.97%, Infected:    184,261, 93.87%, Recovered:      1,120, 0.57% Vaccinated:          0, 0.00%,   Memory usage: 8.07 GB
Completed  50 time steps, in:   6.15 seconds  Statistics: Hour:  600, Total:    196,287, Susceptible:        650, 0.33%, Exposed:      2,012, 1.03%, Infected:    189,947, 96.77%, Recovered:      3,678, 1.87% Vaccinated:          0, 0.00%,   Memory usage: 8.07 GB
Completed  50 time steps, in:   6.45 seconds  Statistics: Hour:  650, Total:    196,287, Susceptible:        486, 0.25%, Exposed:        644, 0.33%, Infected:    188,328, 95.95%, Recovered:      6,829, 3.48% Vaccinated:          0, 0.00%,   Memory usage: 8.07 GB
Completed  50 time steps, in:   6.09 seconds  Statistics: Hour:  700, Total:    196,287, Susceptible:        412, 0.21%, Exposed:        223, 0.11%, Infected:    161,055, 82.05%, Recovered:     34,597, 17.63% Vaccinated:          0, 0.00%,   Memory usage: 8.07 GB
Completed  50 time steps, in:   5.98 seconds  Statistics: Hour:  750, Total:    196,287, Susceptible:        374, 0.19%, Exposed:        110, 0.06%, Infected:    132,429, 67.47%, Recovered:     63,374, 32.29% Vaccinated:          0, 0.00%,   Memory usage: 8.07 GB
Completed  50 time steps, in:   5.08 seconds  Statistics: Hour:  800, Total:    196,287, Susceptible:        366, 0.19%, Exposed:         44, 0.02%, Infected:     67,734, 34.51%, Recovered:    128,143, 65.28% Vaccinated:          0, 0.00%,   Memory usage: 8.07 GB
Completed  50 time steps, in:   3.85 seconds  Statistics: Hour:  850, Total:    196,287, Susceptible:        357, 0.18%, Exposed:         14, 0.01%, Infected:     30,709, 15.64%, Recovered:    165,207, 84.17% Vaccinated:          0, 0.00%,   Memory usage: 8.07 GB
Completed  50 time steps, in:   2.62 seconds  Statistics: Hour:  900, Total:    196,287, Susceptible:        356, 0.18%, Exposed:          9, 0.00%, Infected:      6,775, 3.45%, Recovered:    189,147, 96.36% Vaccinated:          0, 0.00%,   Memory usage: 8.07 GB
Completed  50 time steps, in:   1.81 seconds  Statistics: Hour:  950, Total:    196,287, Susceptible:        355, 0.18%, Exposed:          1, 0.00%, Infected:      1,723, 0.88%, Recovered:    194,208, 98.94% Vaccinated:          0, 0.00%,   Memory usage: 8.07 GB
 2022-02-26T14:07:08.785Z INFO  run                         > Finished in 160.535438621s
