warning: Patch `quadtree_rs v0.1.2 (https://github.com/NoSuchThingAsRandom/quadtree/#321fcd31)` was not used in the crate graph.
Check that the patched package version and available features are compatible
with the dependency requirements. If the patch has a different version from
what is locked in the Cargo.lock file, run `cargo update` to use the new
version. This may also occur with an optional dependency that is not enabled.
warning: unused import: `std::convert::TryFrom`
  --> load_census_data/src/lib.rs:26:5
   |
26 | use std::convert::TryFrom;
   |     ^^^^^^^^^^^^^^^^^^^^^
   |
   = note: `#[warn(unused_imports)]` on by default

warning: unused import: `PreProcessingWorkplaceResidentialTrait`
  --> load_census_data/src/lib.rs:42:129
   |
42 | ...ecord, PreProcessingWorkplaceResidentialRecord, PreProcessingWorkplaceResidentialTrait, WorkplaceResidentialRecord};
   |                                                    ^^^^^^^^^^^^^^^^^^^^^^^^^^^^^^^^^^^^^^

warning: unused import: `std::any::Any`
  --> load_census_data/src/tables/mod.rs:21:5
   |
21 | use std::any::Any;
   |     ^^^^^^^^^^^^^

warning: unused import: `std::any::Any`
  --> load_census_data/src/tables/resides_vs_workplace.rs:20:5
   |
20 | use std::any::Any;
   |     ^^^^^^^^^^^^^

warning: unused import: `serde::de::DeserializeOwned`
  --> load_census_data/src/tables/resides_vs_workplace.rs:25:5
   |
25 | use serde::de::DeserializeOwned;
   |     ^^^^^^^^^^^^^^^^^^^^^^^^^^^

warning: `load_census_data` (lib) generated 5 warnings
   Compiling sim v0.1.0 (/home/sam/Projects/EpidemicSimulator/sim)
warning: unused import: `std::collections::HashMap`
  --> sim/src/disease.rs:21:5
   |
21 | use std::collections::HashMap;
   |     ^^^^^^^^^^^^^^^^^^^^^^^^^
   |
   = note: `#[warn(unused_imports)]` on by default

warning: unused import: `std::fs::File`
  --> sim/src/disease.rs:23:5
   |
23 | use std::fs::File;
   |     ^^^^^^^^^^^^^

warning: unused import: `std::hash::Hash`
  --> sim/src/disease.rs:24:5
   |
24 | use std::hash::Hash;
   |     ^^^^^^^^^^^^^^^

warning: unused import: `BufWriter`
  --> sim/src/disease.rs:25:15
   |
25 | use std::io::{BufWriter, Write};
   |               ^^^^^^^^^

warning: unused import: `log::error`
  --> sim/src/disease.rs:27:5
   |
27 | use log::error;
   |     ^^^^^^^^^^

warning: unused import: `Deserialize`
  --> sim/src/disease.rs:28:13
   |
28 | use serde::{Deserialize, Serialize};
   |             ^^^^^^^^^^^

warning: unused import: `serde_json::to_writer`
  --> sim/src/disease.rs:29:5
   |
29 | use serde_json::to_writer;
   |     ^^^^^^^^^^^^^^^^^^^^^

warning: unused import: `uuid::Uuid`
  --> sim/src/disease.rs:30:5
   |
30 | use uuid::Uuid;
   |     ^^^^^^^^^^

warning: unused import: `crate::models::ID`
  --> sim/src/disease.rs:33:5
   |
33 | use crate::models::ID;
   |     ^^^^^^^^^^^^^^^^^

warning: unused import: `trace`
  --> sim/src/simulator_builder.rs:31:31
   |
31 | use log::{debug, error, info, trace, warn};
   |                               ^^^^^

warning: unused import: `format`
  --> sim/src/statistics.rs:22:25
   |
22 | use std::fmt::{Display, format, Formatter};
   |                         ^^^^^^

warning: unused import: `anyhow::Context`
  --> sim/src/statistics.rs:29:5
   |
29 | use anyhow::Context;
   |     ^^^^^^^^^^^^^^^

warning: unused import: `error`
  --> sim/src/statistics.rs:30:11
   |
30 | use log::{error, info, warn};
   |           ^^^^^

warning: unused imports: `el`, `lo`
  --> sim/src/statistics.rs:31:26
   |
31 | use num_format::Locale::{el, lo};
   |                          ^^  ^^

warning: unused import: `crate::models::building::BuildingID`
  --> sim/src/statistics.rs:39:5
   |
39 | use crate::models::building::BuildingID;
   |     ^^^^^^^^^^^^^^^^^^^^^^^^^^^^^^^^^^^

warning: unused import: `crate::models::citizen::Citizen`
  --> sim/src/statistics.rs:40:5
   |
40 | use crate::models::citizen::Citizen;
   |     ^^^^^^^^^^^^^^^^^^^^^^^^^^^^^^^

warning: unused import: `crate::models::output_area::OutputAreaID`
  --> sim/src/statistics.rs:42:5
   |
42 | use crate::models::output_area::OutputAreaID;
   |     ^^^^^^^^^^^^^^^^^^^^^^^^^^^^^^^^^^^^^^^^

warning: unused import: `crate::models::public_transport_route::PublicTransportID`
  --> sim/src/statistics.rs:43:5
   |
43 | use crate::models::public_transport_route::PublicTransportID;
   |     ^^^^^^^^^^^^^^^^^^^^^^^^^^^^^^^^^^^^^^^^^^^^^^^^^^^^^^^^

warning: unnecessary trailing semicolon
   --> sim/src/statistics.rs:190:13
    |
190 |             ;
    |             ^ help: remove this semicolon
    |
    = note: `#[warn(redundant_semicolons)]` on by default

warning: unused import: `Write`
  --> sim/src/disease.rs:25:26
   |
25 | use std::io::{BufWriter, Write};
   |                          ^^^^^

warning: unused variable: `e`
   --> sim/src/simulator_builder.rs:197:24
    |
197 |             if let Err(e) = || -> anyhow::Result<()> {
    |                        ^ help: if this is intentional, prefix it with an underscore: `_e`
    |
    = note: `#[warn(unused_variables)]` on by default

warning: unused variable: `get_multiple`
   --> sim/src/simulator_builder.rs:392:33
    |
392 |             |citizen: &Citizen, get_multiple: bool| -> Result<Vec<&RawBuilding>, SimError> {
    |                                 ^^^^^^^^^^^^ help: if this is intentional, prefix it with an underscore: `_get_multiple`

warning: unused variable: `id`
   --> sim/src/statistics.rs:124:30
    |
124 |                 ID::Building(id) => {}
    |                              ^^ help: if this is intentional, prefix it with an underscore: `_id`

warning: unused variable: `entry`
   --> sim/src/statistics.rs:130:29
    |
130 |                     let mut entry = exposure_counts.entry("PublicTransport").or_default();
    |                             ^^^^^ help: if this is intentional, prefix it with an underscore: `_entry`

warning: unused variable: `code`
   --> sim/src/statistics.rs:131:25
    |
131 |                     let code = String::new() + id.source.code() + "-" + id.destination.code();
    |                         ^^^^ help: if this is intentional, prefix it with an underscore: `_code`

warning: unused variable: `time_step`
   --> sim/src/statistics.rs:184:13
    |
184 |         let time_step = self.current_time_step;
    |             ^^^^^^^^^ help: if this is intentional, prefix it with an underscore: `_time_step`

warning: unused variable: `infected_citizens`
   --> sim/src/models/building.rs:202:30
    |
202 |     fn find_exposures(&self, infected_citizens: &Vec<CitizenID>) -> Vec<CitizenID> {
    |                              ^^^^^^^^^^^^^^^^^ help: if this is intentional, prefix it with an underscore: `_infected_citizens`

warning: unused variable: `infected_citizens`
   --> sim/src/models/building.rs:278:30
    |
278 |     fn find_exposures(&self, infected_citizens: &Vec<CitizenID>) -> Vec<CitizenID> {
    |                              ^^^^^^^^^^^^^^^^^ help: if this is intentional, prefix it with an underscore: `_infected_citizens`

warning: variable does not need to be mutable
   --> sim/src/simulator.rs:237:25
    |
237 |                     for mut citizen in citizens {
    |                         ----^^^^^^^
    |                         |
    |                         help: remove this `mut`
    |
    = note: `#[warn(unused_mut)]` on by default

warning: variable does not need to be mutable
   --> sim/src/simulator_builder.rs:140:13
    |
140 |         let mut output_areas = &mut self.output_areas;
    |             ----^^^^^^^^^^^^
    |             |
    |             help: remove this `mut`

warning: variable does not need to be mutable
   --> sim/src/simulator_builder.rs:156:21
    |
156 |                 let mut area = output_areas.get_mut(index).unwrap();
    |                     ----^^^^
    |                     |
    |                     help: remove this `mut`

warning: variable does not need to be mutable
   --> sim/src/simulator_builder.rs:191:13
    |
191 |         let mut citizen_output_area_lookup = &mut self.citizen_output_area_lookup;
    |             ----^^^^^^^^^^^^^^^^^^^^^^^^^^
    |             |
    |             help: remove this `mut`

warning: variable does not need to be mutable
   --> sim/src/simulator_builder.rs:640:21
    |
640 |                 let mut buildings =
    |                     ----^^^^^^^^^
    |                     |
    |                     help: remove this `mut`

warning: variable does not need to be mutable
   --> sim/src/simulator_builder.rs:790:14
    |
790 |         let (mut output_area_citizens, mut output_area_buildings, output_area_ids) = self
    |              ----^^^^^^^^^^^^^^^^^^^^
    |              |
    |              help: remove this `mut`

warning: variable does not need to be mutable
   --> sim/src/simulator_builder.rs:867:9
    |
867 |         mut citizen_ids: &mut Vec<Citizen>,
    |         ----^^^^^^^^^^^
    |         |
    |         help: remove this `mut`

warning: variable does not need to be mutable
   --> sim/src/simulator_builder.rs:914:13
    |
914 |         let mut required_space_per_occupation: EnumMap<OccupationType, usize> =
    |             ----^^^^^^^^^^^^^^^^^^^^^^^^^^^^^
    |             |
    |             help: remove this `mut`

warning: variable does not need to be mutable
   --> sim/src/statistics.rs:121:17
    |
121 |             let mut entry = exposure_counts.entry("All").or_default();
    |                 ----^^^^^
    |                 |
    |                 help: remove this `mut`

warning: variable does not need to be mutable
   --> sim/src/statistics.rs:126:25
    |
126 |                     let mut entry = exposure_counts.entry("OutputArea").or_default();
    |                         ----^^^^^
    |                         |
    |                         help: remove this `mut`

warning: variable does not need to be mutable
   --> sim/src/statistics.rs:130:25
    |
130 |                     let mut entry = exposure_counts.entry("PublicTransport").or_default();
    |                         ----^^^^^
    |                         |
    |                         help: remove this `mut`

warning: variable does not need to be mutable
   --> sim/src/statistics.rs:162:21
    |
162 | ...   let mut recording_entry = self.exposures_per_building_per_time_step.entry(area).or_default();//tatisticEntry::with_time_step(self.c...
    |           ----^^^^^^^^^^^^^^^
    |           |
    |           help: remove this `mut`

warning: variable does not need to be mutable
   --> sim/src/statistics.rs:178:13
    |
178 |         let mut current = self.global_stats.last_mut().expect("Need to call next() to start a recording!");
    |             ----^^^^^^^
    |             |
    |             help: remove this `mut`

warning: variable does not need to be mutable
   --> sim/src/statistics.rs:188:17
    |
188 |             let mut stat_entry = current_entry.entry(area_id).or_default();
    |                 ----^^^^^^^^^^
    |                 |
    |                 help: remove this `mut`

warning: variable does not need to be mutable
   --> sim/src/statistics.rs:192:13
    |
192 |         let mut stat_entry = current_entry.entry(location).or_default();
    |             ----^^^^^^^^^^
    |             |
    |             help: remove this `mut`

warning: unused `Result` that must be used
   --> sim/src/simulator.rs:133:9
    |
133 |         self.statistics_recorder.next();
    |         ^^^^^^^^^^^^^^^^^^^^^^^^^^^^^^^^
    |
    = note: `#[warn(unused_must_use)]` on by default
    = note: this `Result` may be an `Err` variant, which should be handled

warning: unused `Result` that must be used
   --> sim/src/statistics.rs:115:9
    |
115 |         self.next();
    |         ^^^^^^^^^^^^
    |
    = note: this `Result` may be an `Err` variant, which should be handled

   Compiling visualisation v0.1.0 (/home/sam/Projects/EpidemicSimulator/visualisation)
warning: `sim` (lib) generated 45 warnings
   Compiling run v0.1.0 (/home/sam/Projects/EpidemicSimulator/run)
warning: unused imports: `debug`, `trace`
  --> run/src/main.rs:29:11
   |
29 | use log::{debug, error, info, trace};
   |           ^^^^^               ^^^^^
   |
   = note: `#[warn(unused_imports)]` on by default

warning: `run` (bin "run") generated 1 warning
    Finished release [optimized] target(s) in 7.47s
     Running `target/release/run 1946157112TYPE299 --directory=data --grid-size=250000 --simulate`
 2022-04-26T17:13:35.463Z INFO  run > Using area: 1946157112TYPE299, Utilizing Cache: false, Allowing downloads: false
 2022-04-26T17:13:35.463Z INFO  run > Using mode simulate for area '1946157112TYPE299'
 2022-04-26T17:13:35.463Z INFO  run::load_data > Loading data from disk...
 2022-04-26T17:13:35.463Z TRACE load_census_data > Loading all tables
 2022-04-26T17:13:35.470Z INFO  load_census_data > Fetching table 'data/tables/1946157112TYPE299/ks101ew_population_144.csv'
 2022-04-26T17:13:35.470Z INFO  load_census_data > Reading census table: 'data/tables/1946157112TYPE299/ks101ew_population_144.csv' from disk
 2022-04-26T17:13:35.475Z DEBUG load_census_data > Loaded table into pre processing
 2022-04-26T17:13:35.477Z INFO  load_census_data > Fetching table 'data/tables/1946157112TYPE299/qs103ew_age_structure_NUM_503_1.csv'
 2022-04-26T17:13:35.477Z INFO  load_census_data > Reading census table: 'data/tables/1946157112TYPE299/qs103ew_age_structure_NUM_503_1.csv' from disk
 2022-04-26T17:13:35.505Z DEBUG load_census_data > Loaded table into pre processing
 2022-04-26T17:13:35.517Z INFO  load_census_data > Fetching table 'data/tables/1946157112TYPE299/ks608uk_occupation_count_NM_1518_1.csv'
 2022-04-26T17:13:35.517Z INFO  load_census_data > Reading census table: 'data/tables/1946157112TYPE299/ks608uk_occupation_count_NM_1518_1.csv' from disk
 2022-04-26T17:13:35.528Z DEBUG load_census_data > Loaded table into pre processing
 2022-04-26T17:13:35.531Z INFO  load_census_data > Fetching table 'data/tables/1946157112TYPE299/wf01bew_residential_vs_workplace_NM_1228_1.csv'
 2022-04-26T17:13:35.531Z INFO  load_census_data > Reading census table: 'data/tables/1946157112TYPE299/wf01bew_residential_vs_workplace_NM_1228_1.csv' from disk
 2022-04-26T17:13:35.540Z DEBUG load_census_data > Loaded table into pre processing
 2022-04-26T17:13:35.548Z DEBUG load_census_data > Built 637 residential workplace areas with 31023 records
 2022-04-26T17:13:35.548Z INFO  load_census_data > Removing incomplete Output Areas
 2022-04-26T17:13:35.548Z DEBUG load_census_data > Population area count: 637
 2022-04-26T17:13:35.548Z DEBUG load_census_data > Age area count: 637
 2022-04-26T17:13:35.548Z DEBUG load_census_data > Occupation area count: 637
 2022-04-26T17:13:35.548Z DEBUG load_census_data > Residents area count:  637
 2022-04-26T17:13:35.548Z DEBUG load_census_data > Filtered area count:   637
 2022-04-26T17:13:35.549Z DEBUG load_census_data > Removed 0 workplace areas. 31023 work areas out of 637 home remaining
 2022-04-26T17:13:35.549Z DEBUG load_census_data > There are 637 complete output areas
 2022-04-26T17:13:35.549Z INFO  osm_data         > Building OSM Data...
 2022-04-26T17:13:35.549Z DEBUG osm_data         > Starting to read data from file
 2022-04-26T17:13:35.549Z DEBUG osm_data         > Parsing data from raw OSM file
 2022-04-26T17:13:35.549Z INFO  osm_data         > Reading OSM data from file: data/OSM/england-latest.osm.pbf
 2022-04-26T17:13:35.550Z DEBUG osm_data         > Built reader, now generating Raw OSM Elements
 2022-04-26T17:13:35.573Z INFO  osm_data::polygon_lookup > Loading map data from file data/census_map_areas_converted/TestOutputAreas.shp
 2022-04-26T17:14:03.093Z DEBUG osm_data::polygon_lookup > Built 0 polygons in time: 27.51972565
 2022-04-26T17:14:03.453Z DEBUG osm_data::polygon_lookup > Built 500000000 polygons in time: 27.879601398
 2022-04-26T17:14:04.089Z DEBUG osm_data::polygon_lookup > Built 1500000000 polygons in time: 28.51609015
 2022-04-26T17:14:08.172Z DEBUG osm_data::polygon_lookup > Built 1000000000 polygons in time: 32.598611079
 2022-04-26T17:14:09.149Z INFO  osm_data::polygon_lookup > Finished loading map data in 33.576111419s
 2022-04-26T17:14:09.149Z TRACE osm_data::polygon_lookup > Building new Polygon Container of size: 250000
 2022-04-26T17:14:17.315Z INFO  osm_data                 > Completed generation of Raw OSM Elements. Now Creating RawBuildings, from 18081094 ways and 60727522 nodes
 2022-04-26T17:15:00.000Z DEBUG osm_data                 > Loaded 14026747 buildings from Way OSM data
 2022-04-26T17:15:01.722Z DEBUG osm_data                 > Loaded 15110831 buildings from node data
 2022-04-26T17:15:01.736Z DEBUG osm_data                 > Removed 10422585 Unknown nodes.
 2022-04-26T17:15:01.736Z INFO  osm_data                 > Finished loading with 4688246 buildings
 2022-04-26T17:15:02.844Z DEBUG osm_data                 > Removing duplicate buildings...
 2022-04-26T17:15:03.366Z WARN  osm_data                 > A building is chosen to be removed, that is also selected to be kept: 1127
 2022-04-26T17:16:35.159Z WARN  osm_data                 > A building is chosen to be removed, that is also selected to be kept: 11529
 2022-04-26T17:16:35.161Z DEBUG osm_data                 > Saving cache to file
 2022-04-26T17:16:40.226Z INFO  osm_data                 > Completed and saved parsing data
 2022-04-26T17:16:40.226Z DEBUG osm_data                 > Loaded OSM data
 2022-04-26T17:16:40.226Z INFO  osm_data                 > Building voronoi diagram for School with 7115 buildings
 2022-04-26T17:16:40.226Z INFO  osm_data::voronoi_generator > Building Voronoi Grid of 250000 x 250000 with 7115 seeds
Boundary: ((333570, 234078), (605100, 654715))
 2022-04-26T17:16:40.227Z TRACE osm_data::voronoi_generator > Voronoi Boundary: ((111190, 78026), (201700, 218238))
 2022-04-26T17:16:40.227Z DEBUG osm_data::voronoi_generator > Voronoi boundary box size: 218238 -> BoundingBox { center: [109119, 109119], top_right: [218238, 218238] }
 2022-04-26T17:16:40.227Z TRACE osm_data::voronoi_generator > Sample of Seeds: [[135893, 98898], [121297, 131472], [145400, 127447], [153546, 151096], [117812, 136542], [136390, 98102], [133769, 94363], [118713, 136877], [139719, 140886], [137592, 142900]]
 2022-04-26T17:16:40.234Z DEBUG osm_data::voronoi_generator > Built Voronoi map, with 7115 polygons
 2022-04-26T17:16:40.236Z TRACE osm_data::voronoi_generator > Converted polygons to 7113 geo polygons
 2022-04-26T17:16:40.236Z TRACE osm_data::polygon_lookup    > Building new Polygon Container of size: 218238
 2022-04-26T17:16:40.398Z DEBUG osm_data::voronoi_generator > Built quad tree
 2022-04-26T17:16:40.398Z INFO  osm_data                    > Finished building OSM data
 2022-04-26T17:16:40.398Z DEBUG osm_data                    > There are 1947604 WorkPlace 
 2022-04-26T17:16:40.398Z DEBUG osm_data                    > There are 7115 School 
 2022-04-26T17:16:40.398Z DEBUG osm_data                    > There are 303 Hospital 
 2022-04-26T17:16:40.398Z DEBUG osm_data                    > There are 2618690 Household 
 2022-04-26T17:16:40.398Z DEBUG osm_data                    > There are 91712 Shop 
Initialised 637 Output Areas in 0.00 seconds. Total function time: 0.00 seconds, Memory usage: 11.16 GB
 2022-04-26T17:16:40.399Z DEBUG sim::simulator_builder      > Attempting to allocating 4665424 possible buildings to 637 Output Areas
 2022-04-26T17:16:42.566Z DEBUG sim::simulator_builder      > 13228314 Buildings have been assigned. 637 Output Areas remaining (with buildings)
Assigned Possible Buildings to Output Areas in 2.17 seconds. Total function time: 2.17 seconds, Memory usage: 11.49 GB
 2022-04-26T17:16:42.944Z INFO  sim::simulator_builder      > Households and Citizen generation succeeded for 637 Output Areas.
 2022-04-26T17:16:42.944Z WARN  sim::simulator_builder      > Failed to generate households for 5 Output Areas, as no homes exist!
Generated Citizens and residences for 637 output areas in 0.38 seconds. Total function time: 2.55 seconds, Memory usage: 11.68 GB
 2022-04-26T17:16:42.944Z DEBUG sim::simulator_builder      > Building Schools
 2022-04-26T17:16:42.955Z DEBUG sim::simulator_builder      > 19948 teachers retrieved
 2022-04-26T17:16:42.955Z DEBUG sim::simulator_builder      > There are 18 age groups, with 35751 students and 19948 teachers
 2022-04-26T17:16:42.955Z DEBUG sim::simulator_builder      > There are 7115 raw schools
 2022-04-26T17:16:49.093Z INFO  sim::simulator_builder      > Assigned Students to 28 raw schools
 2022-04-26T17:16:53.065Z INFO  sim::simulator_builder      > Assigned teachers to schools
 2022-04-26T17:16:53.065Z WARN  sim::simulator_builder      > Failed to assign schools to 0 teachers
 2022-04-26T17:16:53.082Z WARN  sim::simulator_builder      > 0 schools are missing teachers
 2022-04-26T17:16:53.082Z INFO  sim::simulator_builder      > Generated 25 schools, with 19948 teachers, 35751 students across 1260 classes, with avg class size 28 and avg classes per school 50. With 1204 offices and 14292 misc staff
Built schools in 10.14 seconds. Total function time: 12.69 seconds, Memory usage: 11.69 GB
 2022-04-26T17:16:53.435Z DEBUG sim::simulator_builder      > There are 74089 areas with workplace buildings
 2022-04-26T17:16:53.435Z INFO  sim::simulator_builder      > Starting to build workplaces for 637 areas
 2022-04-26T17:16:53.435Z DEBUG sim::simulator_builder      > Assigning workplaces to 637 output areas 
 2022-04-26T17:16:53.501Z DEBUG sim::simulator_builder      > Creating workplace buildings for: 141904 Citizens and 637 Output Areas
 2022-04-26T17:16:53.501Z DEBUG sim::simulator_builder      > 55699 Citizens have not been assigned a workplace area!
 2022-04-26T17:16:53.502Z ERROR sim::simulator_builder      > No Workplace buildings exist for Output Area: ID: E00067511
 2022-04-26T17:16:53.503Z WARN  sim::simulator_builder      > No buildings can be assigned to area ID: E00067914 as no workers exist: []
 2022-04-26T17:16:53.513Z ERROR sim::simulator_builder      > Ran out of Workplaces 1 to assign workers (42/49) to in Output Area: ID: E00067863
 2022-04-26T17:16:53.521Z ERROR sim::simulator_builder      > No Workplace buildings exist for Output Area: ID: E00067654
 2022-04-26T17:16:53.521Z ERROR sim::simulator_builder      > No Workplace buildings exist for Output Area: ID: E00067885
 2022-04-26T17:16:53.523Z WARN  sim::simulator_builder      > No buildings can be assigned to area ID: E00067913 as no workers exist: []
 2022-04-26T17:16:53.528Z ERROR sim::simulator_builder      > Ran out of Workplaces 1 to assign workers (42/46) to in Output Area: ID: E00067861
 2022-04-26T17:16:53.529Z ERROR sim::simulator_builder      > No Workplace buildings exist for Output Area: ID: E00067527
 2022-04-26T17:16:53.529Z ERROR sim::simulator_builder      > No Workplace buildings exist for Output Area: ID: E00067678
 2022-04-26T17:16:53.531Z ERROR sim::simulator_builder      > No Workplace buildings exist for Output Area: ID: E00067611
 2022-04-26T17:16:53.533Z ERROR sim::simulator_builder      > No Workplace buildings exist for Output Area: ID: E00067302
 2022-04-26T17:16:53.536Z WARN  sim::simulator_builder      > No buildings can be assigned to area ID: E00067907 as no workers exist: []
 2022-04-26T17:16:53.537Z ERROR sim::simulator_builder      > No Workplace buildings exist for Output Area: ID: E00067525
 2022-04-26T17:16:53.537Z ERROR sim::simulator_builder      > No Workplace buildings exist for Output Area: ID: E00067686
 2022-04-26T17:16:53.540Z WARN  sim::simulator_builder      > No buildings can be assigned to area ID: E00170128 as no workers exist: []
 2022-04-26T17:16:53.544Z ERROR sim::simulator_builder      > Ran out of Workplaces 1 to assign workers (42/49) to in Output Area: ID: E00067874
 2022-04-26T17:16:53.544Z WARN  sim::simulator_builder      > No buildings can be assigned to area ID: E00067905 as no workers exist: []
 2022-04-26T17:16:53.546Z ERROR sim::simulator_builder      > No Workplace buildings exist for Output Area: ID: E00067533
 2022-04-26T17:16:53.546Z ERROR sim::simulator_builder      > No Workplace buildings exist for Output Area: ID: E00067693
Generated workplaces for {} Output Areas in 0.50 seconds. Total function time: 13.19 seconds, Memory usage: 11.71 GB
 2022-04-26T17:16:53.598Z DEBUG sim::simulator_builder      > 24,743 out of 197,603 Citizens 12.5%, are working from home.
 2022-04-26T17:16:53.598Z ERROR sim::simulator_builder      > 
An error occurred loading Census Data
	Type: ParsingError
	Source: Object is empty: No citizens exist in the output areas for seeding the disease 
Applied initial infections in 0.01 seconds. Total function time: 13.20 seconds, Memory usage: 11.71 GB
 2022-04-26T17:16:53.598Z DEBUG sim::simulator_builder      > Starting Statistics: There are 197,603 total Citizens, 637 Output Areas
Initialisation finished in 13.20 seconds
 2022-04-26T17:16:56.435Z INFO  run                         > Finished loading data and Initialising  simulator in 200.97
 2022-04-26T17:16:56.435Z INFO  sim::simulator              > Starting simulation with 637 areas
Completed  50 time steps, in:   0.03 seconds  Statistics: StatisticEntry { time_step: 1, susceptible: 197591, exposed: 3, infected: 9, recovered: 0, vaccinated: 0 },   Memory usage: 10.44 GB
Completed  50 time steps, in:   0.97 seconds  Statistics: StatisticEntry { time_step: 51, susceptible: 197347, exposed: 247, infected: 9, recovered: 0, vaccinated: 0 },   Memory usage: 10.44 GB
Completed  50 time steps, in:   0.96 seconds  Statistics: StatisticEntry { time_step: 101, susceptible: 197223, exposed: 362, infected: 18, recovered: 0, vaccinated: 0 },   Memory usage: 10.44 GB
Completed  50 time steps, in:   0.99 seconds  Statistics: StatisticEntry { time_step: 151, susceptible: 196592, exposed: 754, infected: 257, recovered: 0, vaccinated: 0 },   Memory usage: 10.44 GB
Completed  50 time steps, in:   1.02 seconds  Statistics: StatisticEntry { time_step: 201, susceptible: 196180, exposed: 1042, infected: 381, recovered: 0, vaccinated: 0 },   Memory usage: 10.44 GB
Completed  50 time steps, in:   1.03 seconds  Statistics: StatisticEntry { time_step: 251, susceptible: 194537, exposed: 1975, infected: 1091, recovered: 0, vaccinated: 0 },   Memory usage: 10.44 GB
Completed  50 time steps, in:   1.04 seconds  Statistics: StatisticEntry { time_step: 301, susceptible: 192875, exposed: 3281, infected: 1447, recovered: 0, vaccinated: 0 },   Memory usage: 10.44 GB
Completed  50 time steps, in:   1.05 seconds  Statistics: StatisticEntry { time_step: 351, susceptible: 190288, exposed: 4106, infected: 3200, recovered: 9, vaccinated: 0 },   Memory usage: 10.44 GB
Completed  50 time steps, in:   1.17 seconds  Statistics: StatisticEntry { time_step: 401, susceptible: 185312, exposed: 7458, infected: 4824, recovered: 9, vaccinated: 0 },   Memory usage: 10.44 GB
Completed  50 time steps, in:   1.21 seconds  Statistics: StatisticEntry { time_step: 451, susceptible: 178769, exposed: 11188, infected: 7510, recovered: 136, vaccinated: 0 },   Memory usage: 10.44 GB
Completed  50 time steps, in:   1.34 seconds  Statistics: StatisticEntry { time_step: 501, susceptible: 159249, exposed: 25763, infected: 12268, recovered: 323, vaccinated: 0 },   Memory usage: 10.44 GB
Completed  50 time steps, in:   1.45 seconds  Statistics: StatisticEntry { time_step: 551, susceptible: 142383, exposed: 36073, infected: 18484, recovered: 663, vaccinated: 0 },   Memory usage: 10.38 GB
Completed  50 time steps, in:   1.77 seconds  Statistics: StatisticEntry { time_step: 601, susceptible: 116886, exposed: 42193, infected: 37299, recovered: 1225, vaccinated: 0 },   Memory usage: 10.38 GB
 2022-04-26T17:17:10.813Z INFO  sim::interventions          > Mask wearing on public transport is enacted
 2022-04-26T17:17:10.813Z INFO  sim::simulator              > Mask wearing status has changed: Only Public Transport at hour 610
Completed  50 time steps, in:   2.05 seconds  Statistics: StatisticEntry { time_step: 651, susceptible: 96081, exposed: 45981, infected: 53945, recovered: 1596, vaccinated: 0 },   Memory usage: 10.38 GB
 2022-04-26T17:17:12.985Z INFO  sim::simulator              > Starting vaccination program at hour: 661
Completed  50 time steps, in:   3.08 seconds  Statistics: StatisticEntry { time_step: 701, susceptible: 7076, exposed: 28309, infected: 78213, recovered: 3378, vaccinated: 80627 },   Memory usage: 10.38 GB
 2022-04-26T17:17:15.844Z INFO  sim::interventions          > Mask wearing everywhere is enacted
 2022-04-26T17:17:15.844Z INFO  sim::simulator              > Mask wearing status has changed: Everywhere at hour 705
Completed  50 time steps, in:   2.75 seconds  Statistics: StatisticEntry { time_step: 751, susceptible: 290, exposed: 6246, infected: 97171, recovered: 4885, vaccinated: 89011 },   Memory usage: 10.38 GB
Completed  50 time steps, in:   2.90 seconds  Statistics: StatisticEntry { time_step: 801, susceptible: 14, exposed: 38, infected: 99352, recovered: 8713, vaccinated: 89486 },   Memory usage: 10.38 GB
Completed  50 time steps, in:   2.78 seconds  Statistics: StatisticEntry { time_step: 851, susceptible: 0, exposed: 0, infected: 94268, recovered: 13825, vaccinated: 89510 },   Memory usage: 10.38 GB
Completed  50 time steps, in:   2.68 seconds  Statistics: StatisticEntry { time_step: 901, susceptible: 0, exposed: 0, infected: 82026, recovered: 26066, vaccinated: 89511 },   Memory usage: 10.38 GB
 2022-04-26T17:17:27.297Z INFO  sim::interventions          > Mask wearing everywhere is removed
 2022-04-26T17:17:27.297Z INFO  sim::simulator              > Mask wearing status has changed: Only Public Transport at hour 912
Completed  50 time steps, in:   2.49 seconds  Statistics: StatisticEntry { time_step: 951, susceptible: 0, exposed: 0, infected: 63205, recovered: 44887, vaccinated: 89511 },   Memory usage: 10.38 GB
Completed  50 time steps, in:   2.40 seconds  Statistics: StatisticEntry { time_step: 1001, susceptible: 0, exposed: 0, infected: 44647, recovered: 63445, vaccinated: 89511 },   Memory usage: 10.38 GB
 2022-04-26T17:17:32.165Z INFO  sim::interventions          > Mask wearing on public transport is removed
 2022-04-26T17:17:32.165Z INFO  sim::simulator              > Mask wearing status has changed: None at hour 1015
Completed  50 time steps, in:   1.99 seconds  Statistics: StatisticEntry { time_step: 1051, susceptible: 0, exposed: 0, infected: 18952, recovered: 89140, vaccinated: 89511 },   Memory usage: 10.38 GB
Completed  50 time steps, in:   1.50 seconds  Statistics: StatisticEntry { time_step: 1101, susceptible: 0, exposed: 0, infected: 337, recovered: 107755, vaccinated: 89511 },   Memory usage: 10.38 GB
Completed  50 time steps, in:   1.12 seconds  Statistics: StatisticEntry { time_step: 1151, susceptible: 0, exposed: 0, infected: 9, recovered: 108083, vaccinated: 89511 },   Memory usage: 10.38 GB
 2022-04-26T17:17:36.977Z INFO  sim::simulator              > Disease finished as no one has the disease
 2022-04-26T17:17:36.977Z DEBUG sim::simulator              > StatisticEntry { time_step: 1186, susceptible: 0, exposed: 0, infected: 0, recovered: 108092, vaccinated: 89511 }
 2022-04-26T17:17:36.988Z INFO  sim::statistics             > Dumped data to file: statistics_results/v1.6/1946157112TYPE299/
 2022-04-26T17:17:36.989Z INFO  run                         > Finished in 241.525640651s
